<?xml version="1.0" encoding="UTF-8"?>
<!-- Generated by org.testng.reporters.JUnitReportReporter -->
<testsuite hostname="YASH" failures="0" tests="1" name="Basic.BaseClass" time="8.989" errors="0" timestamp="2024-05-24T11:54:44 IST" skipped="0">
  <testcase classname="Basic.BaseClass" name="test" time="8.989"/>
</testsuite> <!-- Basic.BaseClass -->
